  pch.cpp
C:\astr\win\WinAPI\WinAPI\define.h(29,9): warning C4005: 'DELETE': 매크로 재정의
  CBase.cpp
  CEngine.cpp
C:\astr\win\WinAPI\WinAPI\CEngine.cpp(123,35): warning C4838: 'float'에서 'LONG'(으)로의 변환에는 축소 변환이 필요합니다.
C:\astr\win\WinAPI\WinAPI\CEngine.cpp(123,35): warning C4244: '초기화 중': 'float'에서 'LONG'(으)로 변환하면서 데이터가 손실될 수 있습니다.
C:\astr\win\WinAPI\WinAPI\CEngine.cpp(123,51): warning C4838: 'float'에서 'LONG'(으)로의 변환에는 축소 변환이 필요합니다.
C:\astr\win\WinAPI\WinAPI\CEngine.cpp(123,51): warning C4244: '초기화 중': 'float'에서 'LONG'(으)로 변환하면서 데이터가 손실될 수 있습니다.
  CKeyMgr.cpp
  CLevel.cpp
  CLevelMgr.cpp
  CMissile.cpp
C:\astr\win\WinAPI\WinAPI\CMissile.cpp(36,37): warning C4244: '인수': 'float'에서 'int'(으)로 변환하면서 데이터가 손실될 수 있습니다.
C:\astr\win\WinAPI\WinAPI\CMissile.cpp(36,12): warning C4244: '인수': 'float'에서 'int'(으)로 변환하면서 데이터가 손실될 수 있습니다.
C:\astr\win\WinAPI\WinAPI\CMissile.cpp(35,46): warning C4244: '인수': 'float'에서 'int'(으)로 변환하면서 데이터가 손실될 수 있습니다.
C:\astr\win\WinAPI\WinAPI\CMissile.cpp(35,21): warning C4244: '인수': 'float'에서 'int'(으)로 변환하면서 데이터가 손실될 수 있습니다.
  CMonster.cpp
C:\astr\win\WinAPI\WinAPI\CMonster.cpp(31,18): warning C4244: '초기화 중': 'double'에서 'float'(으)로 변환하면서 데이터가 손실될 수 있습니다.
C:\astr\win\WinAPI\WinAPI\CMonster.cpp(50,37): warning C4244: '인수': 'float'에서 'int'(으)로 변환하면서 데이터가 손실될 수 있습니다.
C:\astr\win\WinAPI\WinAPI\CMonster.cpp(50,12): warning C4244: '인수': 'float'에서 'int'(으)로 변환하면서 데이터가 손실될 수 있습니다.
C:\astr\win\WinAPI\WinAPI\CMonster.cpp(49,46): warning C4244: '인수': 'float'에서 'int'(으)로 변환하면서 데이터가 손실될 수 있습니다.
C:\astr\win\WinAPI\WinAPI\CMonster.cpp(49,21): warning C4244: '인수': 'float'에서 'int'(으)로 변환하면서 데이터가 손실될 수 있습니다.
  CObj.cpp
C:\astr\win\WinAPI\WinAPI\CObj.cpp(43,13): warning C4244: '인수': 'float'에서 'int'(으)로 변환하면서 데이터가 손실될 수 있습니다.
C:\astr\win\WinAPI\WinAPI\CObj.cpp(42,13): warning C4244: '인수': 'float'에서 'int'(으)로 변환하면서 데이터가 손실될 수 있습니다.
C:\astr\win\WinAPI\WinAPI\CObj.cpp(41,13): warning C4244: '인수': 'float'에서 'int'(으)로 변환하면서 데이터가 손실될 수 있습니다.
C:\astr\win\WinAPI\WinAPI\CObj.cpp(40,13): warning C4244: '인수': 'float'에서 'int'(으)로 변환하면서 데이터가 손실될 수 있습니다.
  CPlayer.cpp
  CSelectGDI.cpp
  CTimeMgr.cpp
  main.cpp
  코드를 생성하고 있습니다...
  WinAPI.vcxproj -> C:\astr\win\WinAPI\x64\Debug\WinAPI.exe
